<?xml version="1.0" encoding="UTF-8"?>
<testsuite xmlns:xsi="http://www.w3.org/2001/XMLSchema-instance" xsi:noNamespaceSchemaLocation="https://maven.apache.org/surefire/maven-surefire-plugin/xsd/surefire-test-report-3.0.xsd" version="3.0" name="tg.voyage_pro.reservation_pro.ReservationProApplicationTests" time="33.893" tests="1" errors="0" skipped="0" failures="0">
  <properties>
[...]
</properties>
  <testcase name="contextLoads" classname="tg.voyage_pro.reservation_pro.ReservationProApplicationTests" time="2.122">
    <system-out><![CDATA[18:28:07.764 [main] INFO org.springframework.test.context.support.AnnotationConfigContextLoaderUtils -- Could not detect default configuration classes for test class [tg.voyage_pro.reservation_pro.ReservationProApplicationTests]: ReservationProApplicationTests does not declare any static, non-private, non-final, nested classes annotated with @Configuration.
18:28:08.252 [main] INFO org.springframework.boot.test.context.SpringBootTestContextBootstrapper -- Found @SpringBootConfiguration tg.voyage_pro.reservation_pro.ReservationProApplication for test class tg.voyage_pro.reservation_pro.ReservationProApplicationTests
18:28:08.883 [main] INFO org.springframework.boot.devtools.restart.RestartApplicationListener -- Restart disabled due to context in which it is running

  .   ____          _            __ _ _
 /\\ / ___'_ __ _ _(_)_ __  __ _ \ \ \ \
( ( )\___ | '_ | '_| | '_ \/ _` | \ \ \ \
 \\/  ___)| |_)| | | | | || (_| |  ) ) ) )
  '  |____| .__|_| |_|_| |_\__, | / / / /
 =========|_|==============|___/=/_/_/_/
 :: Spring Boot ::                (v3.2.5)

2025-07-07T18:28:09.924Z  INFO 11688 --- [AGENCE_DE_VOYAGE] [           main] t.v.r.ReservationProApplicationTests     : Starting ReservationProApplicationTests using Java 21.0.2 with PID 11688 (started by MSI in C:\Users\MSI\madjoo-Mix\reservation_pro)
2025-07-07T18:28:09.928Z  INFO 11688 --- [AGENCE_DE_VOYAGE] [           main] t.v.r.ReservationProApplicationTests     : The following 1 profile is active: "prod"
2025-07-07T18:28:10.163Z DEBUG 11688 --- [AGENCE_DE_VOYAGE] [           main] o.s.w.c.s.GenericWebApplicationContext   : Refreshing org.springframework.web.context.support.GenericWebApplicationContext@1af7f54a
2025-07-07T18:28:15.021Z  INFO 11688 --- [AGENCE_DE_VOYAGE] [           main] .s.d.r.c.RepositoryConfigurationDelegate : Bootstrapping Spring Data JPA repositories in DEFAULT mode.
2025-07-07T18:28:15.512Z  INFO 11688 --- [AGENCE_DE_VOYAGE] [           main] .s.d.r.c.RepositoryConfigurationDelegate : Finished Spring Data repository scanning in 450 ms. Found 6 JPA repository interfaces.
2025-07-07T18:28:18.643Z  INFO 11688 --- [AGENCE_DE_VOYAGE] [           main] o.hibernate.jpa.internal.util.LogHelper  : HHH000204: Processing PersistenceUnitInfo [name: default]
2025-07-07T18:28:19.011Z  INFO 11688 --- [AGENCE_DE_VOYAGE] [           main] org.hibernate.Version                    : HHH000412: Hibernate ORM core version 6.4.4.Final
2025-07-07T18:28:19.214Z  INFO 11688 --- [AGENCE_DE_VOYAGE] [           main] o.h.c.internal.RegionFactoryInitiator    : HHH000026: Second-level cache disabled
2025-07-07T18:28:20.797Z  INFO 11688 --- [AGENCE_DE_VOYAGE] [           main] o.s.o.j.p.SpringPersistenceUnitInfo      : No LoadTimeWeaver setup: ignoring JPA class transformer
2025-07-07T18:28:20.954Z  INFO 11688 --- [AGENCE_DE_VOYAGE] [           main] com.zaxxer.hikari.HikariDataSource       : HikariPool-1 - Starting...
2025-07-07T18:28:21.750Z  INFO 11688 --- [AGENCE_DE_VOYAGE] [           main] com.zaxxer.hikari.pool.HikariPool        : HikariPool-1 - Added connection org.postgresql.jdbc.PgConnection@5996d6f2
2025-07-07T18:28:21.755Z  INFO 11688 --- [AGENCE_DE_VOYAGE] [           main] com.zaxxer.hikari.HikariDataSource       : HikariPool-1 - Start completed.
2025-07-07T18:28:21.903Z  WARN 11688 --- [AGENCE_DE_VOYAGE] [           main] org.hibernate.orm.deprecation            : HHH90000025: PostgreSQLDialect does not need to be specified explicitly using 'hibernate.dialect' (remove the property setting and it will be selected by default)
2025-07-07T18:28:27.153Z  INFO 11688 --- [AGENCE_DE_VOYAGE] [           main] o.h.e.t.j.p.i.JtaPlatformInitiator       : HHH000489: No JTA platform available (set 'hibernate.transaction.jta.platform' to enable JTA platform integration)
2025-07-07T18:28:27.521Z  INFO 11688 --- [AGENCE_DE_VOYAGE] [           main] j.LocalContainerEntityManagerFactoryBean : Initialized JPA EntityManagerFactory for persistence unit 'default'
2025-07-07T18:28:29.672Z  INFO 11688 --- [AGENCE_DE_VOYAGE] [           main] o.s.d.j.r.query.QueryEnhancerFactory     : Hibernate is in classpath; If applicable, HQL parser will be used.
2025-07-07T18:28:33.577Z  WARN 11688 --- [AGENCE_DE_VOYAGE] [           main] JpaBaseConfiguration$JpaWebConfiguration : spring.jpa.open-in-view is enabled by default. Therefore, database queries may be performed during view rendering. Explicitly configure spring.jpa.open-in-view to disable this warning
2025-07-07T18:28:34.181Z DEBUG 11688 --- [AGENCE_DE_VOYAGE] [           main] s.w.s.m.m.a.RequestMappingHandlerMapping : 36 mappings in 'requestMappingHandlerMapping'
2025-07-07T18:28:35.153Z DEBUG 11688 --- [AGENCE_DE_VOYAGE] [           main] o.s.w.s.handler.SimpleUrlHandlerMapping  : Patterns [/webjars/**, /**] in 'resourceHandlerMapping'
2025-07-07T18:28:35.480Z DEBUG 11688 --- [AGENCE_DE_VOYAGE] [           main] s.w.s.m.m.a.RequestMappingHandlerAdapter : ControllerAdvice beans: 0 @ModelAttribute, 0 @InitBinder, 1 RequestBodyAdvice, 1 ResponseBodyAdvice
2025-07-07T18:28:35.731Z DEBUG 11688 --- [AGENCE_DE_VOYAGE] [           main] .m.m.a.ExceptionHandlerExceptionResolver : ControllerAdvice beans: 1 @ExceptionHandler, 1 ResponseBodyAdvice
2025-07-07T18:28:37.653Z  INFO 11688 --- [AGENCE_DE_VOYAGE] [           main] o.s.b.a.e.web.EndpointLinksResolver      : Exposing 1 endpoint(s) beneath base path '/actuator'
2025-07-07T18:28:38.108Z  INFO 11688 --- [AGENCE_DE_VOYAGE] [           main] t.v.r.ReservationProApplicationTests     : Started ReservationProApplicationTests in 29.263 seconds (process running for 34.99)
]]></system-out>
    <system-err><![CDATA[WARNING: A Java agent has been loaded dynamically (C:\Users\MSI\.m2\repository\net\bytebuddy\byte-buddy-agent\1.14.13\byte-buddy-agent-1.14.13.jar)
WARNING: If a serviceability tool is in use, please run with -XX:+EnableDynamicAgentLoading to hide this warning
WARNING: If a serviceability tool is not in use, please run with -Djdk.instrument.traceUsage for more information
WARNING: Dynamic loading of agents will be disallowed by default in a future release
]]></system-err>
  </testcase>
</testsuite>